<?xml version="1.0" encoding="UTF-8"?>
<!-- Generated by org.testng.reporters.JUnitXMLReporter -->
<testsuite ignored="0" hostname="Currys-MacBook-Pro.local" failures="0" tests="5" name="Surefire test" time="12.928" errors="0" timestamp="2025-02-20T14:36:31 ICT">
  <testcase classname="org.example.Test1" name="enterIsWorking" time="3.31"/>
  <testcase classname="org.example.Test1" name="loginFail" time="1.2"/>
  <testcase classname="org.example.Test1" name="loginFieldBlank" time="1.232"/>
  <testcase classname="org.example.Test1" name="loginSucess" time="2.43"/>
  <testcase classname="org.example.Test1" name="tabIsWorking" time="0.45"/>
</testsuite> <!-- Surefire test -->
